TN:
SF:src/mod-ejercicio-1.ts
FN:19,(anonymous_0)
FN:28,(anonymous_1)
FN:38,(anonymous_2)
FN:45,(anonymous_3)
FN:54,(anonymous_4)
FN:75,(anonymous_5)
FN:96,(anonymous_6)
FN:117,(anonymous_7)
FNF:8
FNH:8
FNDA:1,(anonymous_0)
FNDA:6,(anonymous_1)
FNDA:3,(anonymous_2)
FNDA:1,(anonymous_3)
FNDA:43,(anonymous_4)
FNDA:3,(anonymous_5)
FNDA:2,(anonymous_6)
FNDA:2,(anonymous_7)
DA:4,1
DA:20,1
DA:29,6
DA:30,1
DA:32,6
DA:39,3
DA:46,1
DA:55,43
DA:57,43
DA:58,328
DA:59,124
DA:63,43
DA:64,20
DA:67,23
DA:76,3
DA:77,3
DA:79,3
DA:81,3
DA:82,23
DA:83,12
DA:84,12
DA:86,23
DA:88,3
DA:97,2
DA:98,2
DA:100,2
DA:101,0
DA:102,0
DA:105,2
DA:108,2
DA:118,2
DA:119,2
DA:120,2
DA:121,20
DA:122,8
DA:125,2
LF:36
LH:34
BRDA:29,0,0,1
BRDA:29,0,1,5
BRDA:58,1,0,124
BRDA:58,1,1,204
BRDA:63,2,0,20
BRDA:63,2,1,23
BRDA:82,3,0,12
BRDA:82,3,1,11
BRDA:100,4,0,0
BRDA:100,4,1,2
BRDA:121,5,0,8
BRDA:121,5,1,12
BRF:12
BRH:11
end_of_record
